2024-10-25 14:47:54,562 - __main__ - INFO - License Management System starting...
2024-10-25 14:47:54,563 - __main__ - ERROR - Configuration file not found
2024-10-25 14:48:28,532 - __main__ - INFO - License Management System starting...
2024-10-25 14:48:28,532 - __main__ - ERROR - Configuration file not found
2024-10-25 14:59:05,198 - __main__ - INFO - License Management System starting...
2024-10-25 14:59:05,198 - __main__ - ERROR - Configuration file not found
2024-10-25 15:00:58,488 - __main__ - INFO - License Management System starting...
2024-10-25 15:00:58,489 - __main__ - ERROR - Configuration file not found
2024-10-25 15:02:44,901 - __main__ - INFO - License Management System starting...
2024-10-25 15:02:44,901 - __main__ - ERROR - Configuration file not found
2024-10-25 15:03:43,392 - __main__ - INFO - License Management System starting...
2024-10-25 15:03:43,392 - __main__ - ERROR - Configuration file not found
2024-10-25 15:05:18,521 - __main__ - INFO - License Management System starting...
2024-10-25 15:05:18,522 - __main__ - ERROR - Configuration file not found
2024-10-25 15:08:22,400 - __main__ - INFO - License Management System starting...
2024-10-25 15:08:22,401 - __main__ - ERROR - Configuration file not found
2024-10-25 15:12:33,982 - __main__ - INFO - License Management System starting...
2024-10-25 15:12:33,983 - __main__ - ERROR - Configuration file not found
2024-10-25 15:15:16,724 - __main__ - INFO - License Management System starting...
2024-10-25 15:15:16,725 - __main__ - ERROR - Configuration file not found
2024-10-25 15:20:21,115 - __main__ - INFO - License Management System starting...
2024-10-25 15:20:21,115 - __main__ - ERROR - Configuration file not found
2024-10-25 15:32:02,889 - __main__ - INFO - License Management System starting...
2024-10-25 15:32:02,889 - __main__ - ERROR - Configuration file not found
2024-10-25 15:48:35,403 - __main__ - INFO - License Management System starting...
2024-10-25 15:48:35,404 - __main__ - ERROR - Configuration file not found
2024-10-25 15:48:35,679 - __main__ - ERROR - Failed to start application: 'paths'
2024-10-25 15:49:13,705 - __main__ - INFO - License Management System starting...
2024-10-25 15:49:13,705 - __main__ - ERROR - Configuration file not found
2024-10-25 15:49:13,917 - __main__ - ERROR - Failed to start application: 'paths'
2024-10-25 15:49:59,347 - __main__ - INFO - License Management System starting...
2024-10-25 15:49:59,347 - __main__ - ERROR - Configuration file not found
2024-10-25 15:49:59,595 - __main__ - ERROR - Failed to start application: 'paths'
2024-10-25 15:52:03,405 - __main__ - INFO - License Management System starting...
2024-10-25 15:52:03,406 - __main__ - INFO - Configuration loaded successfully
2024-10-25 15:52:03,634 - __main__ - ERROR - Failed to start application: [Errno 2] No such file or directory: 'config\\license_systems.json'
2024-10-25 15:52:49,971 - __main__ - INFO - License Management System starting...
2024-10-25 15:52:49,971 - __main__ - ERROR - Configuration file not found
2024-10-25 15:52:50,183 - __main__ - ERROR - Failed to start application: 'paths'
2024-10-25 15:53:18,920 - __main__ - INFO - License Management System starting...
2024-10-25 15:53:18,925 - __main__ - INFO - Configuration loaded successfully
2024-10-25 15:53:19,153 - __main__ - ERROR - Failed to start application: [Errno 2] No such file or directory: 'config\\license_systems.json'
2024-10-25 15:55:20,984 - __main__ - INFO - License Management System starting...
2024-10-25 15:55:20,986 - __main__ - INFO - Configuration loaded successfully
2024-10-25 15:55:21,239 - __main__ - ERROR - Failed to start application: [Errno 2] No such file or directory: 'config\\license_systems.json'
2024-10-25 15:56:21,575 - __main__ - INFO - License Management System starting...
2024-10-25 15:56:21,576 - __main__ - INFO - Configuration loaded successfully
2024-10-25 15:56:21,848 - __main__ - ERROR - Failed to start application: [Errno 2] No such file or directory: 'config\\license_systems.json'
2024-10-25 15:57:03,814 - __main__ - INFO - License Management System starting...
2024-10-25 15:57:03,815 - __main__ - INFO - Configuration loaded successfully
2024-10-25 15:57:04,023 - __main__ - ERROR - Failed to start application: [Errno 2] No such file or directory: 'config\\license_systems.json'
2024-10-25 15:57:45,865 - __main__ - INFO - License Management System starting...
2024-10-25 15:57:45,865 - __main__ - INFO - Configuration loaded successfully
2024-10-25 15:57:45,874 - __main__ - ERROR - Failed to start application: MainWindow.__init__() got an unexpected keyword argument 'license_systems'
2024-10-25 15:58:20,050 - __main__ - INFO - License Management System starting...
2024-10-25 15:58:20,050 - __main__ - INFO - Configuration loaded successfully
2024-10-25 15:58:20,326 - __main__ - ERROR - Failed to start application: [Errno 2] No such file or directory: 'config\\license_systems.json'
2024-10-25 16:04:21,104 - __main__ - INFO - License Management System starting...
2024-10-25 16:04:21,104 - __main__ - INFO - Configuration loaded successfully
2024-10-25 16:04:21,315 - __main__ - ERROR - Failed to start application: [Errno 2] No such file or directory: 'config\\license_systems.json'
2024-10-25 16:06:31,772 - __main__ - INFO - License Management System starting...
2024-10-25 16:06:31,773 - __main__ - INFO - Configuration loaded successfully
2024-10-25 16:06:32,037 - __main__ - ERROR - Failed to start application: [Errno 2] No such file or directory: 'config\\license_systems.json'
2024-10-25 16:07:58,622 - __main__ - INFO - License Management System starting...
2024-10-25 16:07:58,623 - __main__ - INFO - Configuration loaded successfully
2024-10-25 16:07:58,842 - __main__ - ERROR - Failed to start application: [Errno 2] No such file or directory: 'config\\license_systems.json'
2024-10-25 16:11:17,500 - __main__ - INFO - License Management System starting...
2024-10-25 16:11:17,500 - __main__ - INFO - Configuration loaded successfully
2024-10-25 16:17:44,276 - __main__ - INFO - License Management System starting...
2024-10-25 16:17:44,276 - __main__ - INFO - Configuration loaded successfully
2024-10-25 16:21:23,478 - __main__ - INFO - License Management System starting...
2024-10-25 16:21:23,480 - __main__ - INFO - Configuration loaded successfully
2024-10-25 16:21:56,113 - __main__ - INFO - License Management System starting...
2024-10-25 16:21:56,113 - __main__ - INFO - Configuration loaded successfully
2024-10-25 16:25:07,887 - __main__ - INFO - License Management System starting...
2024-10-25 16:25:07,887 - __main__ - INFO - Configuration loaded successfully
2024-10-25 16:46:46,858 - __main__ - INFO - License Management System starting...
2024-10-25 16:46:46,859 - __main__ - INFO - Configuration loaded successfully
2024-10-25 16:50:07,150 - __main__ - INFO - License Management System starting...
2024-10-25 16:50:07,150 - __main__ - INFO - Configuration loaded successfully
2024-10-25 16:51:20,197 - __main__ - INFO - License Management System starting...
2024-10-25 16:51:20,198 - __main__ - INFO - Configuration loaded successfully
2024-10-25 16:51:34,008 - __main__ - INFO - License Management System starting...
2024-10-25 16:51:34,009 - __main__ - INFO - Configuration loaded successfully
2024-10-25 16:51:48,729 - __main__ - INFO - License Management System starting...
2024-10-25 16:51:48,729 - __main__ - INFO - Configuration loaded successfully
2024-10-25 16:54:15,686 - __main__ - INFO - License Management System starting...
2024-10-25 16:54:15,687 - __main__ - INFO - Configuration loaded successfully
2024-10-25 16:56:01,219 - __main__ - INFO - License Management System starting...
2024-10-25 16:56:01,220 - __main__ - INFO - Configuration loaded successfully
2024-10-25 16:57:09,993 - __main__ - INFO - License Management System starting...
2024-10-25 16:57:09,994 - __main__ - INFO - Configuration loaded successfully
2024-10-25 16:58:05,188 - __main__ - INFO - License Management System starting...
2024-10-25 16:58:05,189 - __main__ - INFO - Configuration loaded successfully
2024-10-25 16:59:48,227 - __main__ - INFO - License Management System starting...
2024-10-25 16:59:48,227 - __main__ - INFO - Configuration loaded successfully
2024-10-25 17:04:29,470 - __main__ - INFO - License Management System starting...
2024-10-25 17:04:29,470 - __main__ - INFO - Configuration loaded successfully
2024-10-25 21:07:07,670 - __main__ - INFO - License Management System starting...
2024-10-25 21:07:07,670 - __main__ - INFO - Configuration loaded successfully
2024-10-25 21:24:28,658 - __main__ - INFO - License Management System starting...
2024-10-25 21:24:28,658 - __main__ - INFO - Configuration loaded successfully
2024-10-27 12:29:10,824 - __main__ - INFO - License Management System starting...
2024-10-27 12:29:10,824 - __main__ - INFO - Configuration loaded successfully
2024-10-27 12:38:30,242 - __main__ - INFO - License Management System starting...
2024-10-27 12:38:30,242 - __main__ - INFO - Configuration loaded successfully
2024-10-27 12:48:41,475 - __main__ - INFO - License Management System starting...
2024-10-27 12:48:41,475 - __main__ - INFO - Configuration loaded successfully
2024-10-27 13:05:20,595 - __main__ - INFO - License Management System starting...
2024-10-27 13:05:20,596 - __main__ - INFO - Configuration loaded successfully
2024-10-27 13:08:10,546 - __main__ - INFO - License Management System starting...
2024-10-27 13:08:10,547 - __main__ - INFO - Configuration loaded successfully
2024-10-27 13:08:22,123 - __main__ - INFO - License Management System starting...
2024-10-27 13:08:22,123 - __main__ - INFO - Configuration loaded successfully
2024-10-27 13:28:20,723 - __main__ - INFO - License Management System starting...
2024-10-27 13:28:20,723 - __main__ - INFO - Configuration loaded successfully
2024-10-27 14:29:00,549 - __main__ - INFO - License Management System starting...
2024-10-27 14:29:00,549 - __main__ - INFO - Configuration loaded successfully
2024-10-27 14:29:01,105 - __main__ - ERROR - Failed to start application: 'LicenseFrame' object has no attribute 'form_layout'
2024-10-27 14:30:28,911 - __main__ - INFO - License Management System starting...
2024-10-27 14:30:28,912 - __main__ - INFO - Configuration loaded successfully
2024-10-27 14:30:29,419 - __main__ - ERROR - Failed to start application: 'LicenseFrame' object has no attribute 'form_layout'
2024-10-27 14:32:01,761 - __main__ - INFO - License Management System starting...
2024-10-27 14:32:01,761 - __main__ - INFO - Configuration loaded successfully
2024-10-27 14:32:02,588 - __main__ - ERROR - Failed to start application: 'LicenseFrame' object has no attribute 'form_layout'
2024-10-27 14:33:04,714 - __main__ - INFO - License Management System starting...
2024-10-27 14:33:04,715 - __main__ - INFO - Configuration loaded successfully
2024-10-27 14:33:28,519 - __main__ - INFO - License Management System starting...
2024-10-27 14:33:28,519 - __main__ - INFO - Configuration loaded successfully
2024-10-27 14:33:29,330 - __main__ - ERROR - Failed to start application: 'LicenseFrame' object has no attribute 'form_layout'
2024-10-27 14:35:09,133 - __main__ - INFO - License Management System starting...
2024-10-27 14:35:09,134 - __main__ - INFO - Configuration loaded successfully
2024-10-27 14:40:35,827 - __main__ - INFO - License Management System starting...
2024-10-27 14:40:35,828 - __main__ - INFO - Configuration loaded successfully
2024-10-27 14:42:56,101 - __main__ - INFO - License Management System starting...
2024-10-27 14:42:56,102 - __main__ - INFO - Configuration loaded successfully
2024-10-27 14:42:56,115 - __main__ - ERROR - Failed to start application: addWidget(self, w: Optional[QWidget]): too many arguments
2024-10-27 14:45:48,273 - __main__ - INFO - License Management System starting...
2024-10-27 14:45:48,273 - __main__ - INFO - Configuration loaded successfully
2024-10-27 14:46:32,838 - __main__ - INFO - License Management System starting...
2024-10-27 14:46:32,839 - __main__ - INFO - Configuration loaded successfully
2024-10-27 14:46:32,856 - __main__ - ERROR - Failed to start application: addWidget(self, w: Optional[QWidget]): too many arguments
2024-10-27 14:47:05,311 - __main__ - INFO - License Management System starting...
2024-10-27 14:47:05,312 - __main__ - INFO - Configuration loaded successfully
2024-10-27 14:47:05,794 - __main__ - ERROR - Failed to start application: 'LicenseFrame' object has no attribute 'form_layout'
2024-10-27 14:47:46,794 - __main__ - INFO - License Management System starting...
2024-10-27 14:47:46,794 - __main__ - INFO - Configuration loaded successfully
2024-10-27 14:47:47,314 - __main__ - ERROR - Failed to start application: 'LicenseFrame' object has no attribute 'form_layout'
2024-10-27 14:50:26,323 - __main__ - INFO - License Management System starting...
2024-10-27 14:50:26,323 - __main__ - INFO - Configuration loaded successfully
2024-10-27 14:54:23,139 - __main__ - INFO - License Management System starting...
2024-10-27 14:54:23,139 - __main__ - INFO - Configuration loaded successfully
2024-10-27 14:57:21,287 - __main__ - INFO - License Management System starting...
2024-10-27 14:57:21,288 - __main__ - INFO - Configuration loaded successfully
2024-10-27 15:00:29,622 - __main__ - INFO - License Management System starting...
2024-10-27 15:00:29,622 - __main__ - INFO - Configuration loaded successfully
2024-10-27 15:01:55,872 - __main__ - INFO - License Management System starting...
2024-10-27 15:01:55,873 - __main__ - INFO - Configuration loaded successfully
2024-10-27 15:03:59,387 - __main__ - INFO - License Management System starting...
2024-10-27 15:03:59,387 - __main__ - INFO - Configuration loaded successfully
2024-10-27 15:04:45,682 - __main__ - INFO - License Management System starting...
2024-10-27 15:04:45,683 - __main__ - INFO - Configuration loaded successfully
2024-10-27 15:07:08,639 - __main__ - INFO - License Management System starting...
2024-10-27 15:07:08,640 - __main__ - INFO - Configuration loaded successfully
2024-10-27 15:08:38,403 - __main__ - INFO - License Management System starting...
2024-10-27 15:08:38,403 - __main__ - INFO - Configuration loaded successfully
2024-10-27 15:10:05,220 - __main__ - INFO - License Management System starting...
2024-10-27 15:10:05,221 - __main__ - INFO - Configuration loaded successfully
2024-10-27 15:13:43,266 - __main__ - INFO - License Management System starting...
2024-10-27 15:13:43,266 - __main__ - INFO - Configuration loaded successfully
2024-10-27 15:15:26,496 - __main__ - INFO - License Management System starting...
2024-10-27 15:15:26,496 - __main__ - INFO - Configuration loaded successfully
2024-10-27 15:22:40,126 - __main__ - INFO - License Management System starting...
2024-10-27 15:23:36,444 - __main__ - INFO - License Management System starting...
2024-10-27 15:23:36,444 - __main__ - ERROR - Failed to load configuration: 'LicenseManagementSystem' object has no attribute 'config_file'
2024-10-27 15:24:33,903 - __main__ - INFO - License Management System starting...
2024-10-27 15:24:33,913 - __main__ - INFO - Configuration loaded successfully
2024-10-27 15:26:16,789 - __main__ - INFO - License Management System starting...
2024-10-27 15:26:16,798 - __main__ - INFO - Configuration loaded successfully
2024-10-27 15:33:03,604 - __main__ - INFO - License Management System starting...
2024-10-27 15:33:03,605 - __main__ - INFO - Configuration loaded successfully
2024-10-27 15:39:56,017 - __main__ - INFO - License Management System starting...
2024-10-27 15:39:56,017 - __main__ - INFO - Configuration loaded successfully
2024-10-27 15:43:26,064 - __main__ - INFO - License Management System starting...
2024-10-27 15:43:26,064 - __main__ - INFO - Configuration loaded successfully
2024-10-27 15:46:09,404 - __main__ - INFO - License Management System starting...
2024-10-27 15:46:09,405 - __main__ - INFO - Configuration loaded successfully
2024-10-27 15:56:45,908 - __main__ - INFO - License Management System starting...
2024-10-27 15:56:45,908 - __main__ - INFO - Configuration loaded successfully
2024-10-27 15:58:13,474 - __main__ - INFO - License Management System starting...
2024-10-27 15:58:13,474 - __main__ - INFO - Configuration loaded successfully
2024-10-27 16:07:12,042 - __main__ - INFO - License Management System starting...
2024-10-27 16:07:12,042 - __main__ - INFO - Configuration loaded successfully
2024-10-27 16:09:51,728 - __main__ - INFO - License Management System starting...
2024-10-27 16:09:51,729 - __main__ - INFO - Configuration loaded successfully
2024-10-27 16:12:26,380 - __main__ - INFO - License Management System starting...
2024-10-27 16:12:26,382 - __main__ - INFO - Configuration loaded successfully
2024-10-27 16:34:11,205 - __main__ - INFO - License Management System starting...
2024-10-27 16:34:11,206 - __main__ - INFO - Configuration loaded successfully
2024-10-27 16:35:04,678 - __main__ - INFO - License Management System starting...
2024-10-27 16:35:04,678 - __main__ - INFO - Configuration loaded successfully
2024-10-27 16:35:35,267 - __main__ - INFO - License Management System starting...
2024-10-27 16:35:35,267 - __main__ - INFO - Configuration loaded successfully
2024-10-27 16:35:55,645 - __main__ - INFO - License Management System starting...
2024-10-27 16:35:55,647 - __main__ - INFO - Configuration loaded successfully
2024-10-27 16:37:24,237 - __main__ - INFO - License Management System starting...
2024-10-27 16:37:24,237 - __main__ - INFO - Configuration loaded successfully
2024-10-27 16:37:49,840 - __main__ - INFO - License Management System starting...
2024-10-27 16:37:49,840 - __main__ - INFO - Configuration loaded successfully
2024-10-27 16:39:01,566 - __main__ - INFO - License Management System starting...
2024-10-27 16:39:01,566 - __main__ - INFO - Configuration loaded successfully
2024-10-27 16:40:14,676 - __main__ - INFO - License Management System starting...
2024-10-27 16:40:14,676 - __main__ - INFO - Configuration loaded successfully
2024-10-27 16:42:41,467 - __main__ - INFO - License Management System starting...
2024-10-27 16:42:41,468 - __main__ - INFO - Configuration loaded successfully
2024-10-27 16:44:02,169 - __main__ - INFO - License Management System starting...
2024-10-27 16:44:02,170 - __main__ - INFO - Configuration loaded successfully
2024-10-27 16:47:50,012 - __main__ - INFO - License Management System starting...
2024-10-27 16:47:50,013 - __main__ - INFO - Configuration loaded successfully
2024-10-27 16:49:43,606 - __main__ - INFO - License Management System starting...
2024-10-27 16:49:43,606 - __main__ - INFO - Configuration loaded successfully
2024-10-27 16:50:55,109 - __main__ - INFO - License Management System starting...
2024-10-27 16:50:55,109 - __main__ - INFO - Configuration loaded successfully
2024-10-27 16:51:12,210 - __main__ - INFO - License Management System starting...
2024-10-27 16:51:12,211 - __main__ - INFO - Configuration loaded successfully
2024-10-27 16:51:52,289 - __main__ - INFO - License Management System starting...
2024-10-27 16:51:52,290 - __main__ - INFO - Configuration loaded successfully
2024-10-27 16:52:05,204 - __main__ - INFO - License Management System starting...
2024-10-27 16:52:05,204 - __main__ - INFO - Configuration loaded successfully
2024-10-27 16:52:56,972 - __main__ - INFO - License Management System starting...
2024-10-27 16:52:56,974 - __main__ - INFO - Configuration loaded successfully
2024-10-27 16:54:26,415 - __main__ - INFO - License Management System starting...
2024-10-27 16:54:26,415 - __main__ - INFO - Configuration loaded successfully
2024-10-27 16:55:02,092 - __main__ - INFO - License Management System starting...
2024-10-27 16:55:02,092 - __main__ - INFO - Configuration loaded successfully
2024-10-27 16:56:30,642 - __main__ - INFO - License Management System starting...
2024-10-27 16:56:30,642 - __main__ - INFO - Configuration loaded successfully
2024-10-27 16:58:37,288 - __main__ - INFO - License Management System starting...
2024-10-27 16:58:37,288 - __main__ - INFO - Configuration loaded successfully
2024-10-27 17:00:10,070 - __main__ - INFO - License Management System starting...
2024-10-27 17:00:10,071 - __main__ - INFO - Configuration loaded successfully
2024-10-27 17:01:04,477 - __main__ - INFO - License Management System starting...
2024-10-27 17:01:04,478 - __main__ - INFO - Configuration loaded successfully
2024-10-27 17:01:04,798 - __main__ - ERROR - Failed to start application: 'LicenseFrame' object has no attribute 'update_product_details'
2024-10-27 17:01:29,859 - __main__ - INFO - License Management System starting...
2024-10-27 17:01:29,859 - __main__ - INFO - Configuration loaded successfully
2024-10-27 17:02:27,022 - __main__ - INFO - License Management System starting...
2024-10-27 17:02:27,023 - __main__ - INFO - Configuration loaded successfully
2024-10-27 18:54:16,591 - __main__ - INFO - License Management System starting...
2024-10-27 18:54:16,592 - __main__ - INFO - Configuration loaded successfully
2024-10-27 18:59:42,036 - __main__ - INFO - License Management System starting...
2024-10-27 18:59:42,037 - __main__ - INFO - Configuration loaded successfully
2024-10-27 18:59:42,124 - __main__ - ERROR - Failed to start application: unsupported operand type(s) for /: 'str' and 'str'
2024-10-27 19:00:51,695 - __main__ - INFO - License Management System starting...
2024-10-27 19:00:51,695 - __main__ - INFO - Configuration loaded successfully
2024-10-27 19:00:51,824 - __main__ - ERROR - Failed to start application: unsupported operand type(s) for /: 'str' and 'str'
2024-10-27 19:01:25,149 - __main__ - INFO - License Management System starting...
2024-10-27 19:01:25,149 - __main__ - INFO - Configuration loaded successfully
2024-10-27 19:01:25,237 - __main__ - ERROR - Failed to start application: unsupported operand type(s) for /: 'str' and 'str'
2024-10-27 19:04:31,174 - __main__ - INFO - License Management System starting...
2024-10-27 19:04:31,174 - __main__ - INFO - Configuration loaded successfully
2024-10-27 19:04:31,260 - __main__ - ERROR - Failed to start application: unsupported operand type(s) for /: 'str' and 'str'
2024-10-27 19:04:44,246 - __main__ - INFO - License Management System starting...
2024-10-27 19:04:44,247 - __main__ - INFO - Configuration loaded successfully
2024-10-27 19:18:45,705 - __main__ - INFO - License Management System starting...
2024-10-27 19:18:45,710 - __main__ - INFO - Configuration loaded successfully
2024-10-27 19:20:40,028 - __main__ - INFO - License Management System starting...
2024-10-27 19:20:40,028 - __main__ - INFO - Configuration loaded successfully
2024-10-27 19:20:40,116 - __main__ - ERROR - Failed to start application: KeyManager.__init__() got an unexpected keyword argument 'private_key_path'
2024-10-27 19:21:20,895 - __main__ - INFO - License Management System starting...
2024-10-27 19:21:20,896 - __main__ - INFO - Configuration loaded successfully
2024-10-27 19:21:20,995 - __main__ - ERROR - Failed to start application: KeyManager.__init__() got an unexpected keyword argument 'private_key'
2024-10-27 19:23:04,292 - __main__ - INFO - License Management System starting...
2024-10-27 19:23:04,293 - __main__ - INFO - Configuration loaded successfully
2024-10-27 19:23:04,394 - __main__ - ERROR - Failed to start application: KeyManager.__init__() got an unexpected keyword argument 'private_key'
2024-10-27 19:24:09,997 - __main__ - INFO - License Management System starting...
2024-10-27 19:24:09,997 - __main__ - INFO - Configuration loaded successfully
2024-10-27 19:24:10,087 - __main__ - ERROR - Failed to start application: KeyManager.__init__() got an unexpected keyword argument 'private_key'
2024-10-27 19:25:13,256 - __main__ - INFO - License Management System starting...
2024-10-27 19:25:13,257 - __main__ - INFO - Configuration loaded successfully
2024-10-27 19:25:13,352 - __main__ - ERROR - Failed to start application: KeyManager.__init__() got an unexpected keyword argument 'private_key_path'
2024-10-27 19:26:15,123 - __main__ - INFO - License Management System starting...
2024-10-27 19:26:15,124 - __main__ - INFO - Configuration loaded successfully
2024-10-27 19:26:15,218 - __main__ - ERROR - Failed to start application: KeyManager.__init__() got an unexpected keyword argument 'private_key'
2024-10-27 19:28:44,697 - __main__ - INFO - License Management System starting...
2024-10-27 19:28:44,698 - __main__ - INFO - Configuration loaded successfully
2024-10-27 19:30:33,858 - __main__ - INFO - License Management System starting...
2024-10-27 19:30:33,859 - __main__ - INFO - Configuration loaded successfully
2024-10-27 19:36:03,659 - __main__ - INFO - License Management System starting...
2024-10-27 19:36:03,661 - __main__ - INFO - Configuration loaded successfully
2024-10-27 19:36:04,278 - __main__ - ERROR - Failed to start application: 'LicenseFrame' object has no attribute 'generate_button'
2024-10-27 19:37:24,368 - __main__ - INFO - License Management System starting...
2024-10-27 19:37:24,369 - __main__ - INFO - Configuration loaded successfully
2024-10-27 19:37:24,943 - __main__ - ERROR - Failed to start application: 'LicenseFrame' object has no attribute 'generate_button'
2024-10-27 19:37:52,110 - __main__ - INFO - License Management System starting...
2024-10-27 19:37:52,110 - __main__ - INFO - Configuration loaded successfully
2024-10-27 19:39:37,513 - __main__ - INFO - License Management System starting...
2024-10-27 19:39:37,514 - __main__ - INFO - Configuration loaded successfully
2024-10-27 19:46:00,225 - __main__ - INFO - License Management System starting...
2024-10-27 19:46:00,226 - __main__ - INFO - Configuration loaded successfully
2024-10-27 19:49:13,600 - __main__ - INFO - License Management System starting...
2024-10-27 19:49:13,601 - __main__ - INFO - Configuration loaded successfully
2024-10-27 19:53:06,917 - __main__ - INFO - License Management System starting...
2024-10-27 19:53:06,917 - __main__ - INFO - Configuration loaded successfully
2024-10-27 19:54:50,169 - __main__ - INFO - License Management System starting...
2024-10-27 19:54:50,170 - __main__ - INFO - Configuration loaded successfully
2024-10-27 19:56:13,939 - __main__ - INFO - License Management System starting...
2024-10-27 19:56:13,940 - __main__ - INFO - Configuration loaded successfully
2024-10-27 20:00:14,447 - __main__ - INFO - License Management System starting...
2024-10-27 20:00:14,448 - __main__ - INFO - Configuration loaded successfully
2024-10-27 20:01:15,950 - __main__ - INFO - License Management System starting...
2024-10-27 20:01:15,950 - __main__ - INFO - Configuration loaded successfully
2024-10-27 20:05:48,939 - __main__ - INFO - License Management System starting...
2024-10-27 20:05:48,940 - __main__ - INFO - Configuration loaded successfully
2024-10-27 20:08:47,483 - __main__ - INFO - License Management System starting...
2024-10-27 20:08:47,483 - __main__ - INFO - Configuration loaded successfully
2024-10-27 20:11:15,367 - __main__ - INFO - License Management System starting...
2024-10-27 20:11:15,369 - __main__ - INFO - Configuration loaded successfully
2024-10-27 20:16:40,253 - __main__ - INFO - License Management System starting...
2024-10-27 20:16:40,254 - __main__ - INFO - Configuration loaded successfully
2024-10-27 20:28:25,488 - __main__ - INFO - License Management System starting...
2024-10-27 20:28:25,489 - __main__ - INFO - Configuration loaded successfully
2024-10-27 20:33:31,815 - __main__ - INFO - License Management System starting...
2024-10-27 20:33:31,815 - __main__ - INFO - Configuration loaded successfully
2024-10-27 20:36:38,632 - __main__ - INFO - License Management System starting...
2024-10-27 20:36:38,633 - __main__ - INFO - Configuration loaded successfully
2024-10-27 20:39:31,758 - __main__ - INFO - License Management System starting...
2024-10-27 20:39:31,758 - __main__ - INFO - Configuration loaded successfully
2024-10-27 20:40:15,620 - __main__ - INFO - License Management System starting...
2024-10-27 20:40:15,621 - __main__ - INFO - Configuration loaded successfully
2024-10-27 20:44:16,699 - __main__ - INFO - License Management System starting...
2024-10-27 20:44:16,700 - __main__ - INFO - Configuration loaded successfully
2024-10-28 10:12:50,598 - __main__ - INFO - License Management System starting...
2024-10-28 10:12:50,599 - __main__ - INFO - Configuration loaded successfully
2024-10-28 10:42:09,257 - __main__ - INFO - License Management System starting...
2024-10-28 10:42:09,257 - __main__ - INFO - Configuration loaded successfully
2024-10-28 10:50:51,374 - __main__ - INFO - License Management System starting...
2024-10-28 10:50:51,375 - __main__ - INFO - Configuration loaded successfully
2024-10-28 11:00:09,221 - __main__ - INFO - License Management System starting...
2024-10-28 11:00:09,222 - __main__ - INFO - Configuration loaded successfully
2024-10-28 11:05:01,445 - __main__ - INFO - License Management System starting...
2024-10-28 11:05:01,445 - __main__ - INFO - Configuration loaded successfully
2024-10-28 11:05:07,372 - __main__ - INFO - License Management System starting...
2024-10-28 11:05:07,373 - __main__ - INFO - Configuration loaded successfully
2024-10-28 11:05:44,184 - __main__ - INFO - License Management System starting...
2024-10-28 11:05:44,185 - __main__ - INFO - Configuration loaded successfully
2024-10-28 11:36:26,041 - __main__ - INFO - License Management System starting...
2024-10-28 11:36:26,042 - __main__ - INFO - Configuration loaded successfully
2024-10-28 11:45:28,253 - __main__ - INFO - License Management System starting...
2024-10-28 11:45:28,254 - __main__ - INFO - Configuration loaded successfully
2024-10-28 11:46:12,642 - __main__ - INFO - License Management System starting...
2024-10-28 11:46:12,643 - __main__ - INFO - Configuration loaded successfully
2024-10-28 11:51:03,935 - __main__ - INFO - License Management System starting...
2024-10-28 11:51:03,936 - __main__ - INFO - Configuration loaded successfully
2024-10-28 11:53:03,297 - __main__ - INFO - License Management System starting...
2024-10-28 11:53:03,299 - __main__ - INFO - Configuration loaded successfully
2024-10-28 11:54:12,285 - __main__ - INFO - License Management System starting...
2024-10-28 11:54:12,286 - __main__ - INFO - Configuration loaded successfully
2024-10-28 11:56:34,350 - __main__ - INFO - License Management System starting...
2024-10-28 11:56:34,350 - __main__ - INFO - Configuration loaded successfully
2024-10-28 12:00:33,981 - __main__ - INFO - License Management System starting...
2024-10-28 12:00:33,982 - __main__ - INFO - Configuration loaded successfully
2024-10-28 12:05:56,248 - __main__ - INFO - License Management System starting...
2024-10-28 12:05:56,248 - __main__ - INFO - Configuration loaded successfully
2024-10-28 12:11:22,821 - __main__ - INFO - License Management System starting...
2024-10-28 12:11:22,822 - __main__ - INFO - Configuration loaded successfully
2024-10-28 12:15:59,929 - __main__ - INFO - License Management System starting...
2024-10-28 12:15:59,930 - __main__ - INFO - Configuration loaded successfully
2024-10-28 13:02:03,867 - __main__ - INFO - License Management System starting...
2024-10-28 13:02:03,868 - __main__ - INFO - Configuration loaded successfully
2024-10-28 13:03:27,997 - __main__ - INFO - License Management System starting...
2024-10-28 13:03:27,997 - __main__ - INFO - Configuration loaded successfully
2024-10-28 13:04:59,793 - __main__ - INFO - License Management System starting...
2024-10-28 13:04:59,794 - __main__ - INFO - Configuration loaded successfully
2024-10-28 13:09:01,822 - __main__ - INFO - License Management System starting...
2024-10-28 13:09:01,822 - __main__ - INFO - Configuration loaded successfully
2024-10-28 13:10:41,659 - __main__ - INFO - License Management System starting...
2024-10-28 13:10:41,659 - __main__ - INFO - Configuration loaded successfully
2024-10-28 13:12:38,168 - __main__ - INFO - License Management System starting...
2024-10-28 13:12:38,169 - __main__ - INFO - Configuration loaded successfully
2024-10-28 13:13:56,079 - __main__ - INFO - License Management System starting...
2024-10-28 13:13:56,080 - __main__ - INFO - Configuration loaded successfully
2024-10-28 13:15:34,035 - __main__ - INFO - License Management System starting...
2024-10-28 13:15:34,036 - __main__ - INFO - Configuration loaded successfully
2024-10-28 13:16:33,180 - __main__ - INFO - License Management System starting...
2024-10-28 13:16:33,181 - __main__ - INFO - Configuration loaded successfully
2024-10-28 13:17:16,497 - __main__ - INFO - License Management System starting...
2024-10-28 13:17:16,498 - __main__ - INFO - Configuration loaded successfully
2024-10-28 13:18:25,998 - __main__ - INFO - License Management System starting...
2024-10-28 13:18:25,999 - __main__ - INFO - Configuration loaded successfully
2024-10-28 13:19:47,556 - __main__ - INFO - License Management System starting...
2024-10-28 13:19:47,557 - __main__ - INFO - Configuration loaded successfully
2024-10-28 13:20:40,010 - __main__ - INFO - License Management System starting...
2024-10-28 13:20:40,011 - __main__ - INFO - Configuration loaded successfully
2024-10-28 13:23:05,666 - __main__ - INFO - License Management System starting...
2024-10-28 13:23:05,667 - __main__ - INFO - Configuration loaded successfully
2024-10-28 13:30:08,643 - __main__ - INFO - License Management System starting...
2024-10-28 13:30:08,644 - __main__ - INFO - Configuration loaded successfully
2024-10-28 13:32:03,965 - __main__ - INFO - License Management System starting...
2024-10-28 13:32:03,965 - __main__ - INFO - Configuration loaded successfully
2024-10-28 13:41:58,300 - __main__ - INFO - License Management System starting...
2024-10-28 13:41:58,300 - __main__ - INFO - Configuration loaded successfully
2024-10-28 13:56:33,279 - __main__ - INFO - License Management System starting...
2024-10-28 13:56:33,279 - __main__ - INFO - Configuration loaded successfully
2024-10-28 16:33:32,782 - __main__ - INFO - License Management System starting...
2024-10-28 16:33:32,782 - __main__ - INFO - Configuration loaded successfully
2024-10-28 16:43:10,365 - __main__ - INFO - License Management System starting...
2024-10-28 16:43:10,366 - __main__ - INFO - Configuration loaded successfully
2024-10-28 16:46:32,356 - __main__ - INFO - License Management System starting...
2024-10-28 16:46:32,357 - __main__ - INFO - Configuration loaded successfully
2024-10-28 16:49:24,402 - __main__ - INFO - License Management System starting...
2024-10-28 16:49:24,402 - __main__ - INFO - Configuration loaded successfully
2024-10-28 16:51:58,438 - __main__ - INFO - License Management System starting...
2024-10-28 16:51:58,438 - __main__ - INFO - Configuration loaded successfully
2024-10-28 16:54:24,851 - __main__ - INFO - License Management System starting...
2024-10-28 16:54:24,852 - __main__ - INFO - Configuration loaded successfully
2024-10-28 16:56:31,081 - __main__ - INFO - License Management System starting...
2024-10-28 16:56:31,082 - __main__ - INFO - Configuration loaded successfully
2024-10-28 16:58:37,527 - __main__ - INFO - License Management System starting...
2024-10-28 16:58:37,528 - __main__ - INFO - Configuration loaded successfully
2024-10-28 17:02:09,025 - __main__ - INFO - License Management System starting...
2024-10-28 17:02:09,026 - __main__ - INFO - Configuration loaded successfully
2024-10-28 17:05:33,997 - __main__ - INFO - License Management System starting...
2024-10-28 17:05:33,998 - __main__ - INFO - Configuration loaded successfully
2024-10-28 17:06:38,881 - __main__ - INFO - License Management System starting...
2024-10-28 17:06:38,882 - __main__ - INFO - Configuration loaded successfully
2024-10-28 17:07:25,009 - __main__ - INFO - License Management System starting...
2024-10-28 17:07:25,010 - __main__ - INFO - Configuration loaded successfully
2024-10-28 17:10:52,533 - __main__ - INFO - License Management System starting...
2024-10-28 17:10:52,534 - __main__ - INFO - Configuration loaded successfully
2024-10-28 17:13:18,297 - __main__ - INFO - License Management System starting...
2024-10-28 17:13:18,298 - __main__ - INFO - Configuration loaded successfully
2024-10-28 17:16:43,716 - __main__ - INFO - License Management System starting...
2024-10-28 17:16:43,717 - __main__ - INFO - Configuration loaded successfully
2024-10-28 17:18:38,830 - __main__ - INFO - License Management System starting...
2024-10-28 17:18:38,831 - __main__ - INFO - Configuration loaded successfully
2024-10-28 17:25:07,471 - __main__ - INFO - License Management System starting...
2024-10-28 17:25:07,472 - __main__ - INFO - Configuration loaded successfully
2024-10-28 17:26:49,649 - __main__ - INFO - License Management System starting...
2024-10-28 17:26:49,649 - __main__ - INFO - Configuration loaded successfully
2024-10-28 17:29:49,490 - __main__ - INFO - License Management System starting...
2024-10-28 17:29:49,491 - __main__ - INFO - Configuration loaded successfully
2024-10-28 19:25:39,193 - __main__ - INFO - License Management System starting...
2024-10-28 19:25:39,194 - __main__ - INFO - Configuration loaded successfully
2024-10-28 19:30:13,515 - __main__ - INFO - License Management System starting...
2024-10-28 19:30:13,516 - __main__ - INFO - Configuration loaded successfully
2024-10-28 19:35:42,370 - __main__ - INFO - License Management System starting...
2024-10-28 19:35:42,370 - __main__ - INFO - Configuration loaded successfully
2024-10-28 19:39:47,151 - __main__ - INFO - License Management System starting...
2024-10-28 19:39:47,152 - __main__ - INFO - Configuration loaded successfully
2024-10-28 19:44:55,829 - __main__ - INFO - License Management System starting...
2024-10-28 19:44:55,830 - __main__ - INFO - Configuration loaded successfully
2024-10-28 19:58:46,359 - __main__ - INFO - License Management System starting...
2024-10-28 19:58:46,360 - __main__ - INFO - Configuration loaded successfully
2024-10-28 20:05:57,747 - __main__ - INFO - License Management System starting...
2024-10-28 20:05:57,748 - __main__ - INFO - Configuration loaded successfully
2024-10-28 20:07:00,962 - __main__ - INFO - License Management System starting...
2024-10-28 20:07:00,963 - __main__ - INFO - Configuration loaded successfully
2024-10-28 20:10:37,351 - __main__ - INFO - License Management System starting...
2024-10-28 20:10:37,352 - __main__ - INFO - Configuration loaded successfully
2024-10-28 20:12:36,881 - __main__ - INFO - License Management System starting...
2024-10-28 20:12:36,882 - __main__ - INFO - Configuration loaded successfully
2024-10-28 20:15:14,763 - __main__ - INFO - License Management System starting...
2024-10-28 20:15:14,763 - __main__ - INFO - Configuration loaded successfully
2024-10-28 20:20:41,490 - __main__ - INFO - License Management System starting...
2024-10-28 20:20:41,491 - __main__ - INFO - Configuration loaded successfully
2024-10-28 20:26:04,258 - __main__ - INFO - License Management System starting...
2024-10-28 20:26:04,259 - __main__ - INFO - Configuration loaded successfully
2024-10-28 20:28:30,877 - __main__ - INFO - License Management System starting...
2024-10-28 20:28:30,878 - __main__ - INFO - Configuration loaded successfully
2024-10-28 20:28:30,887 - __main__ - ERROR - Failed to start application: Missing required config sections: products
2024-10-28 20:29:47,103 - __main__ - INFO - License Management System starting...
2024-10-28 20:29:47,104 - __main__ - INFO - Configuration loaded successfully
2024-10-28 20:39:20,188 - __main__ - INFO - License Management System starting...
2024-10-28 20:39:20,189 - __main__ - INFO - Configuration loaded successfully
2024-10-28 20:40:52,174 - __main__ - INFO - License Management System starting...
2024-10-28 20:40:52,175 - __main__ - INFO - Configuration loaded successfully
2024-10-28 20:42:34,119 - __main__ - INFO - License Management System starting...
2024-10-28 20:42:34,120 - __main__ - INFO - Configuration loaded successfully
2024-10-28 20:46:29,735 - __main__ - INFO - License Management System starting...
2024-10-28 20:46:29,735 - __main__ - INFO - Configuration loaded successfully
2024-10-28 20:47:11,248 - __main__ - INFO - License Management System starting...
2024-10-28 20:47:11,249 - __main__ - INFO - Configuration loaded successfully
2024-10-28 20:49:10,068 - __main__ - INFO - License Management System starting...
2024-10-28 20:49:10,069 - __main__ - INFO - Configuration loaded successfully
2024-10-28 20:51:59,022 - __main__ - INFO - License Management System starting...
2024-10-28 20:51:59,023 - __main__ - INFO - Configuration loaded successfully
2024-10-29 17:13:04,446 - __main__ - INFO - License Management System starting...
2024-10-29 17:13:04,446 - __main__ - INFO - Configuration loaded successfully
2024-11-03 13:39:30,766 - __main__ - INFO - License Management System starting...
2024-11-03 13:39:30,767 - __main__ - INFO - Configuration loaded successfully
2024-11-03 13:50:34,429 - __main__ - INFO - License Management System starting...
2024-11-03 13:50:34,430 - __main__ - INFO - Configuration loaded successfully
2024-11-03 14:09:40,092 - __main__ - INFO - License Management System starting...
2024-11-03 14:09:40,092 - __main__ - INFO - Configuration loaded successfully
2024-11-03 14:12:41,406 - __main__ - INFO - License Management System starting...
2024-11-03 14:12:41,407 - __main__ - INFO - Configuration loaded successfully
2024-11-03 14:18:15,066 - __main__ - INFO - License Management System starting...
2024-11-03 14:18:15,066 - __main__ - INFO - Configuration loaded successfully
2024-11-05 09:36:03,847 - __main__ - INFO - License Management System starting...
2024-11-05 09:36:03,848 - __main__ - INFO - Configuration loaded successfully
2024-11-05 09:36:59,556 - __main__ - INFO - License Management System starting...
2024-11-05 09:36:59,557 - __main__ - INFO - Configuration loaded successfully
